
Magic 8.3 revision 581 - Compiled on Tue Jan  6 19:09:29 UTC 2026.
Starting magic under Tcl interpreter
Using the terminal as the console.
Using NULL graphics device.
Processing system .magicrc file
Switching to WIRING tool.
Switching to NETLIST tool.
Switching to PICK tool.
Switching to BOX tool.
Sourcing design .magicrc for technology ihp-sg13g2 ...
2 Magic internal units = 1 Lambda
Input style sg13g2(): scaleFactor=2, multiplier=2
The following types are not handled by extraction and will be treated as non-electrical types:
    pblock sealcont difffill nemitter hvnemitter hvisodiffres sealvia1 sealvia2 sealvia3 sealvia4 sealvia5 sealvia6 pillar solder seal glass thruvia inductor 
Scaled tech values by 2 / 1 to match internal grid scaling
Loading ihp-sg13g2 Device Generator Menu ...
Using technology "ihp-sg13g2", version 1.0.0
Root cell box:
           width x height  (   llx,  lly  ), (   urx,  ury  )

microns:   0.000 x 0.000   ( 0.000,  0.000), ( 0.000,  0.000)
lambda:     0.00 x 0.00    (  0.00,  0.00 ), (  0.00,  0.00 )
internal:      0 x 0       (     0,  0    ), (     0,  0    )
Warning: Calma reading is not undoable!  I hope that's OK.
Library written using GDS-II Release 6.0
Library name: LIB
Reading "$$$CONTEXT_INFO$$$".
Reading "ntap1$6".
Reading "ntap1$5".
Reading "ptap1$6".
Moving label "sub!" from space to ptapdiff in cell ptap1$6.
Reading "ptap1$5".
Moving label "sub!" from space to ptapdiff in cell ptap1$5.
Reading "ntap1$4".
Reading "ptap1$4".
Moving label "sub!" from space to ptapdiff in cell ptap1$4.
Reading "ptap1$3".
Moving label "sub!" from space to ptapdiff in cell ptap1$3.
Reading "ptap1$2".
Moving label "sub!" from space to ptapdiff in cell ptap1$2.
Reading "ntap1$3".
Reading "ntap1$2".
Reading "pmos".
Reading "ntap1$1".
Reading "ntap1".
Reading "ptap1$1".
Moving label "sub!" from space to ptapdiff in cell ptap1$1.
Reading "ptap1".
Moving label "sub!" from space to ptapdiff in cell ptap1.
Reading "nmos".
Reading "pins".
Reading "pdn_straps".
Reading "ntap1_res".
Reading "ptap1_res".
Reading "rppd".
Reading "tail_connection".
Reading "conn_cs_nmos_-60.0".
Reading "ntap1_cs_iso".
Reading "ptap1_cs".
Reading "cs_nmos_array".
Reading "global_interconnect".
Reading "conn_pmos_90.0".
Reading "ptap1_iso_1".
Reading "ntap1_inner_1".
Reading "pmos_array_1".
Reading "conn_nmos_0.0".
Reading "ntap1_iso_0".
Reading "ptap1_inner_0".
Reading "nmos_array_0".
Reading "line_driver".
Generating LEF output line_driver.lef for cell line_driver:
Diagnostic:  Write LEF header for cell line_driver
Diagnostic:  Writing LEF output for cell line_driver
Diagnostic:  Scale value is 0.005000
